2024-12-08 18:53:46.132 | INFO     | mlops_project_perla_rim.main:main:44 - Pipeline execution started.
2024-12-08 18:53:46.158 | INFO     | mlops_project_perla_rim.main:main:46 - Loaded configuration successfully.
2024-12-08 18:53:46.160 | INFO     | mlops_project_perla_rim.data_loader.csv_loader:load_data:19 - Loading data from CSV file at data/synthetic_health.csv
2024-12-08 18:53:46.199 | INFO     | mlops_project_perla_rim.data_loader.csv_loader:load_data:22 - Successfully loaded data from data/synthetic_health.csv
2024-12-08 18:53:46.200 | INFO     | mlops_project_perla_rim.main:main:54 - Data loaded successfully.
2024-12-08 18:53:46.230 | INFO     | mlops_project_perla_rim.main:main:65 - Data transformed successfully.
2024-12-08 18:53:46.250 | INFO     | mlops_project_perla_rim.main:main:79 - Model training and prediction completed successfully.
2024-12-08 18:53:46.253 | INFO     | mlops_project_perla_rim.main:main:85 - Pipeline execution completed successfully.
2024-12-08 19:23:52.442 | INFO     | mlops_project_perla_rim.main:main:44 - Pipeline execution started.
2024-12-08 19:23:52.448 | INFO     | mlops_project_perla_rim.main:main:46 - Loaded configuration successfully.
2024-12-08 19:23:52.449 | INFO     | mlops_project_perla_rim.data_loader.csv_loader:load_data:19 - Loading data from CSV file at data/synthetic_health.csv
2024-12-08 19:23:52.459 | INFO     | mlops_project_perla_rim.data_loader.csv_loader:load_data:22 - Successfully loaded data from data/synthetic_health.csv
2024-12-08 19:23:52.460 | INFO     | mlops_project_perla_rim.main:main:54 - Data loaded successfully.
2024-12-08 19:23:52.497 | INFO     | mlops_project_perla_rim.main:main:65 - Data transformed successfully.
2024-12-08 19:23:52.522 | INFO     | mlops_project_perla_rim.main:main:79 - Model training and prediction completed successfully.
2024-12-08 19:23:52.534 | INFO     | mlops_project_perla_rim.main:main:85 - Pipeline execution completed successfully.
2024-12-08 19:29:15.824 | INFO     | mlops_project_perla_rim.main:main:44 - Pipeline execution started.
2024-12-08 19:29:15.829 | INFO     | mlops_project_perla_rim.main:main:46 - Loaded configuration successfully.
2024-12-08 19:29:15.830 | INFO     | mlops_project_perla_rim.data_loader.csv_loader:load_data:19 - Loading data from CSV file at data/synthetic_health.csv
2024-12-08 19:29:15.839 | INFO     | mlops_project_perla_rim.data_loader.csv_loader:load_data:22 - Successfully loaded data from data/synthetic_health.csv
2024-12-08 19:29:15.839 | INFO     | mlops_project_perla_rim.main:main:54 - Data loaded successfully.
2024-12-08 19:29:15.876 | INFO     | mlops_project_perla_rim.main:main:65 - Data transformed successfully.
2024-12-08 19:29:15.898 | INFO     | mlops_project_perla_rim.main:main:79 - Model training and prediction completed successfully.
2024-12-08 19:29:15.900 | INFO     | mlops_project_perla_rim.main:main:85 - Pipeline execution completed successfully.
2024-12-08 19:31:09.006 | INFO     | mlops_project_perla_rim.main:main:47 - Pipeline execution started.
2024-12-08 19:31:09.011 | INFO     | mlops_project_perla_rim.main:main:49 - Loaded configuration successfully.
2024-12-08 19:31:09.011 | INFO     | mlops_project_perla_rim.data_loader.csv_loader:load_data:19 - Loading data from CSV file at data/synthetic_health.csv
2024-12-08 19:31:09.022 | INFO     | mlops_project_perla_rim.data_loader.csv_loader:load_data:22 - Successfully loaded data from data/synthetic_health.csv
2024-12-08 19:31:09.023 | INFO     | mlops_project_perla_rim.main:main:57 - Data loaded successfully.
2024-12-08 19:31:09.049 | INFO     | mlops_project_perla_rim.main:main:70 - Data transformed successfully.
2024-12-08 19:31:09.075 | INFO     | mlops_project_perla_rim.main:main:84 - Model training and prediction completed successfully.
2024-12-08 19:31:09.079 | INFO     | mlops_project_perla_rim.main:main:90 - Pipeline execution completed successfully.
2024-12-11 19:03:29.011 | INFO     | mlops_project_perla_rim.main:main:50 - Pipeline execution started.
2024-12-11 19:03:29.031 | INFO     | mlops_project_perla_rim.main:main:52 - Loaded configuration successfully.
2024-12-11 19:03:29.035 | INFO     | mlops_project_perla_rim.data_loader.csv_loader:load_data:19 - Loading data from CSV file at data/synthetic_health.csv
2024-12-11 19:03:29.069 | INFO     | mlops_project_perla_rim.data_loader.csv_loader:load_data:22 - Successfully loaded data from data/synthetic_health.csv
2024-12-11 19:03:29.070 | INFO     | mlops_project_perla_rim.main:main:60 - Data loaded successfully.
2024-12-11 19:03:29.137 | INFO     | mlops_project_perla_rim.main:main:73 - Data transformed successfully.
2024-12-11 19:03:29.227 | INFO     | mlops_project_perla_rim.main:main:87 - Model training and prediction completed successfully.
2024-12-11 19:03:29.249 | INFO     | mlops_project_perla_rim.main:main:93 - Pipeline execution completed successfully.
2024-12-11 19:07:01.697 | INFO     | mlops_project_perla_rim.main:main:50 - Pipeline execution started.
2024-12-11 19:07:01.701 | INFO     | mlops_project_perla_rim.main:main:52 - Loaded configuration successfully.
2024-12-11 19:07:01.703 | INFO     | mlops_project_perla_rim.data_loader.csv_loader:load_data:19 - Loading data from CSV file at data/synthetic_health.csv
2024-12-11 19:07:01.756 | INFO     | mlops_project_perla_rim.data_loader.csv_loader:load_data:22 - Successfully loaded data from data/synthetic_health.csv
2024-12-11 19:07:01.758 | INFO     | mlops_project_perla_rim.main:main:60 - Data loaded successfully.
2024-12-11 19:07:01.795 | INFO     | mlops_project_perla_rim.main:main:73 - Data transformed successfully.
2024-12-11 19:07:01.836 | INFO     | mlops_project_perla_rim.main:main:87 - Model training and prediction completed successfully.
2024-12-11 19:07:01.840 | INFO     | mlops_project_perla_rim.main:main:93 - Pipeline execution completed successfully.
2024-12-11 17:51:32.241 | INFO     | mlops_project_perla_rim.main:main:50 - Pipeline execution started.
2024-12-11 17:51:32.447 | INFO     | mlops_project_perla_rim.main:main:52 - Loaded configuration successfully.
2024-12-11 17:51:32.448 | INFO     | mlops_project_perla_rim.data_loader.csv_loader:load_data:19 - Loading data from CSV file at data/synthetic_health.csv
2024-12-11 17:51:32.546 | INFO     | mlops_project_perla_rim.data_loader.csv_loader:load_data:22 - Successfully loaded data from data/synthetic_health.csv
2024-12-11 17:51:32.546 | INFO     | mlops_project_perla_rim.main:main:60 - Data loaded successfully.
2024-12-11 17:51:32.562 | INFO     | mlops_project_perla_rim.main:main:73 - Data transformed successfully.
2024-12-11 17:51:32.577 | INFO     | mlops_project_perla_rim.main:main:87 - Model training and prediction completed successfully.
2024-12-11 17:51:32.579 | INFO     | mlops_project_perla_rim.main:main:93 - Pipeline execution completed successfully.
2024-12-11 17:53:35.006 | INFO     | mlops_project_perla_rim.main:main:50 - Pipeline execution started.
2024-12-11 17:53:35.021 | INFO     | mlops_project_perla_rim.main:main:52 - Loaded configuration successfully.
2024-12-11 17:53:35.022 | INFO     | mlops_project_perla_rim.data_loader.csv_loader:load_data:19 - Loading data from CSV file at data/synthetic_health.csv
2024-12-11 17:53:35.045 | INFO     | mlops_project_perla_rim.data_loader.csv_loader:load_data:22 - Successfully loaded data from data/synthetic_health.csv
2024-12-11 17:53:35.046 | INFO     | mlops_project_perla_rim.main:main:60 - Data loaded successfully.
2024-12-11 17:53:35.059 | INFO     | mlops_project_perla_rim.main:main:73 - Data transformed successfully.
2024-12-11 17:53:35.074 | INFO     | mlops_project_perla_rim.main:main:87 - Model training and prediction completed successfully.
2024-12-11 17:53:35.075 | INFO     | mlops_project_perla_rim.main:main:93 - Pipeline execution completed successfully.
2024-12-11 18:09:36.358 | INFO     | mlops_project_perla_rim.main:main:50 - Pipeline execution started.
2024-12-11 18:09:36.454 | INFO     | mlops_project_perla_rim.main:main:52 - Loaded configuration successfully.
2024-12-11 18:09:36.458 | INFO     | mlops_project_perla_rim.data_loader.csv_loader:load_data:19 - Loading data from CSV file at data/synthetic_health.csv
2024-12-11 18:09:36.595 | INFO     | mlops_project_perla_rim.data_loader.csv_loader:load_data:22 - Successfully loaded data from data/synthetic_health.csv
2024-12-11 18:09:36.608 | INFO     | mlops_project_perla_rim.main:main:60 - Data loaded successfully.
2024-12-11 18:09:36.771 | INFO     | mlops_project_perla_rim.main:main:73 - Data transformed successfully.
2024-12-11 18:09:36.908 | INFO     | mlops_project_perla_rim.main:main:87 - Model training and prediction completed successfully.
2024-12-11 18:09:36.928 | INFO     | mlops_project_perla_rim.main:main:93 - Pipeline execution completed successfully.
2024-12-12 14:56:24.059 | INFO     | mlops_project_perla_rim.main:main:50 - Pipeline execution started.
2024-12-12 14:56:24.087 | INFO     | mlops_project_perla_rim.main:main:52 - Loaded configuration successfully.
2024-12-12 14:56:24.094 | INFO     | mlops_project_perla_rim.data_loader.csv_loader:load_data:19 - Loading data from CSV file at data/synthetic_health.csv
2024-12-12 14:56:24.169 | INFO     | mlops_project_perla_rim.data_loader.csv_loader:load_data:22 - Successfully loaded data from data/synthetic_health.csv
2024-12-12 14:56:24.171 | INFO     | mlops_project_perla_rim.main:main:60 - Data loaded successfully.
2024-12-12 14:56:24.223 | INFO     | mlops_project_perla_rim.main:main:73 - Data transformed successfully.
2024-12-12 14:56:24.299 | INFO     | mlops_project_perla_rim.main:main:87 - Model training and prediction completed successfully.
2024-12-12 14:56:24.303 | INFO     | mlops_project_perla_rim.main:main:93 - Pipeline execution completed successfully.
2024-12-12 14:57:57.088 | INFO     | mlops_project_perla_rim.main:main:50 - Pipeline execution started.
2024-12-12 14:57:57.173 | INFO     | mlops_project_perla_rim.main:main:52 - Loaded configuration successfully.
2024-12-12 14:57:57.199 | INFO     | mlops_project_perla_rim.data_loader.csv_loader:load_data:19 - Loading data from CSV file at data/synthetic_health.csv
2024-12-12 14:57:57.532 | INFO     | mlops_project_perla_rim.data_loader.csv_loader:load_data:22 - Successfully loaded data from data/synthetic_health.csv
2024-12-12 14:57:57.536 | INFO     | mlops_project_perla_rim.main:main:60 - Data loaded successfully.
2024-12-12 14:57:57.676 | INFO     | mlops_project_perla_rim.main:main:73 - Data transformed successfully.
2024-12-12 14:57:57.742 | INFO     | mlops_project_perla_rim.main:main:87 - Model training and prediction completed successfully.
2024-12-12 14:57:57.751 | INFO     | mlops_project_perla_rim.main:main:93 - Pipeline execution completed successfully.
2024-12-12 15:23:59.913 | INFO     | mlops_project_perla_rim.main:main:50 - Pipeline execution started.
2024-12-12 15:24:00.799 | INFO     | mlops_project_perla_rim.main:main:52 - Loaded configuration successfully.
2024-12-12 15:24:00.940 | INFO     | mlops_project_perla_rim.data_loader.csv_loader:load_data:19 - Loading data from CSV file at data/synthetic_health.csv
2024-12-12 15:24:02.244 | INFO     | mlops_project_perla_rim.data_loader.csv_loader:load_data:22 - Successfully loaded data from data/synthetic_health.csv
2024-12-12 15:24:02.338 | INFO     | mlops_project_perla_rim.main:main:60 - Data loaded successfully.
2024-12-12 15:24:02.626 | INFO     | mlops_project_perla_rim.main:main:73 - Data transformed successfully.
2024-12-12 15:24:02.817 | INFO     | mlops_project_perla_rim.main:main:87 - Model training and prediction completed successfully.
2024-12-12 15:24:02.859 | INFO     | mlops_project_perla_rim.main:main:93 - Pipeline execution completed successfully.
2024-12-14 17:26:10.753 | INFO     | mlops_project_perla_rim.main:main:47 - Pipeline execution started.
2024-12-14 17:26:10.786 | INFO     | mlops_project_perla_rim.main:main:49 - Loaded configuration successfully.
2024-12-14 17:26:10.787 | INFO     | mlops_project_perla_rim.data_loader.csv_loader:load_data:19 - Loading data from CSV file at data/synthetic_health.csv
2024-12-14 17:26:10.857 | INFO     | mlops_project_perla_rim.data_loader.csv_loader:load_data:22 - Successfully loaded data from data/synthetic_health.csv
2024-12-14 17:26:10.858 | INFO     | mlops_project_perla_rim.main:main:57 - Data loaded successfully.
2024-12-14 17:26:10.973 | INFO     | mlops_project_perla_rim.main:main:70 - Data transformed successfully.
2024-12-14 17:26:11.017 | ERROR    | mlops_project_perla_rim.main:main:88 - Model training/prediction failed: 'str' object has no attribute 'type'
2024-12-14 17:45:50.770 | INFO     | mlops_project_perla_rim.main:main:47 - Pipeline execution started.
2024-12-14 17:45:50.785 | INFO     | mlops_project_perla_rim.main:main:49 - Loaded configuration successfully.
2024-12-14 17:45:50.787 | INFO     | mlops_project_perla_rim.data_loader.csv_loader:load_data:19 - Loading data from CSV file at data/synthetic_health.csv
2024-12-14 17:45:50.808 | INFO     | mlops_project_perla_rim.data_loader.csv_loader:load_data:22 - Successfully loaded data from data/synthetic_health.csv
2024-12-14 17:45:50.809 | INFO     | mlops_project_perla_rim.main:main:57 - Data loaded successfully.
2024-12-14 17:45:50.841 | INFO     | mlops_project_perla_rim.main:main:70 - Data transformed successfully.
2024-12-14 17:45:50.863 | ERROR    | mlops_project_perla_rim.main:main:88 - Model training/prediction failed: 'str' object has no attribute 'type'
2024-12-14 17:47:12.502 | INFO     | mlops_project_perla_rim.main:main:47 - Pipeline execution started.
2024-12-14 17:47:12.518 | INFO     | mlops_project_perla_rim.main:main:49 - Loaded configuration successfully.
2024-12-14 17:47:12.520 | INFO     | mlops_project_perla_rim.data_loader.csv_loader:load_data:19 - Loading data from CSV file at data/synthetic_health.csv
2024-12-14 17:47:12.541 | INFO     | mlops_project_perla_rim.data_loader.csv_loader:load_data:22 - Successfully loaded data from data/synthetic_health.csv
2024-12-14 17:47:12.542 | INFO     | mlops_project_perla_rim.main:main:57 - Data loaded successfully.
2024-12-14 17:47:12.591 | INFO     | mlops_project_perla_rim.main:main:70 - Data transformed successfully.
2024-12-14 17:47:12.611 | ERROR    | mlops_project_perla_rim.main:main:88 - Model training/prediction failed: 'str' object has no attribute 'type'
2024-12-14 17:49:31.241 | INFO     | mlops_project_perla_rim.main:main:47 - Pipeline execution started.
2024-12-14 17:49:31.278 | INFO     | mlops_project_perla_rim.main:main:49 - Loaded configuration successfully.
2024-12-14 17:49:31.285 | INFO     | mlops_project_perla_rim.data_loader.csv_loader:load_data:19 - Loading data from CSV file at data/synthetic_health.csv
2024-12-14 17:49:31.347 | INFO     | mlops_project_perla_rim.data_loader.csv_loader:load_data:22 - Successfully loaded data from data/synthetic_health.csv
2024-12-14 17:49:31.356 | INFO     | mlops_project_perla_rim.main:main:57 - Data loaded successfully.
2024-12-14 17:49:31.451 | INFO     | mlops_project_perla_rim.main:main:70 - Data transformed successfully.
2024-12-14 17:49:31.502 | ERROR    | mlops_project_perla_rim.main:main:88 - Model training/prediction failed: 'str' object has no attribute 'type'
2024-12-14 18:01:10.487 | INFO     | mlops_project_perla_rim.main:main:47 - Pipeline execution started.
2024-12-14 18:01:10.505 | INFO     | mlops_project_perla_rim.main:main:49 - Loaded configuration successfully.
2024-12-14 18:01:10.506 | INFO     | mlops_project_perla_rim.data_loader.csv_loader:load_data:19 - Loading data from CSV file at data/synthetic_health.csv
2024-12-14 18:01:10.537 | INFO     | mlops_project_perla_rim.data_loader.csv_loader:load_data:22 - Successfully loaded data from data/synthetic_health.csv
2024-12-14 18:01:10.539 | INFO     | mlops_project_perla_rim.main:main:57 - Data loaded successfully.
2024-12-14 18:01:10.597 | INFO     | mlops_project_perla_rim.main:main:70 - Data transformed successfully.
2024-12-14 18:01:10.635 | ERROR    | mlops_project_perla_rim.main:main:88 - Model training/prediction failed: 'str' object has no attribute 'type'
2024-12-14 18:02:50.504 | INFO     | mlops_project_perla_rim.main:main:47 - Pipeline execution started.
2024-12-14 18:02:50.572 | INFO     | mlops_project_perla_rim.main:main:49 - Loaded configuration successfully.
2024-12-14 18:02:50.587 | INFO     | mlops_project_perla_rim.data_loader.csv_loader:load_data:19 - Loading data from CSV file at data/synthetic_health.csv
2024-12-14 18:02:50.656 | INFO     | mlops_project_perla_rim.data_loader.csv_loader:load_data:22 - Successfully loaded data from data/synthetic_health.csv
2024-12-14 18:02:50.656 | INFO     | mlops_project_perla_rim.main:main:57 - Data loaded successfully.
2024-12-14 18:02:50.757 | INFO     | mlops_project_perla_rim.main:main:70 - Data transformed successfully.
2024-12-14 18:02:50.848 | ERROR    | mlops_project_perla_rim.main:main:88 - Model training/prediction failed: 'str' object has no attribute 'type'
2024-12-14 18:11:42.250 | INFO     | mlops_project_perla_rim.main:main:47 - Pipeline execution started.
2024-12-14 18:11:42.270 | INFO     | mlops_project_perla_rim.main:main:49 - Loaded configuration successfully.
2024-12-14 18:11:42.271 | INFO     | mlops_project_perla_rim.data_loader.csv_loader:load_data:19 - Loading data from CSV file at data/synthetic_health.csv
2024-12-14 18:11:42.292 | INFO     | mlops_project_perla_rim.data_loader.csv_loader:load_data:22 - Successfully loaded data from data/synthetic_health.csv
2024-12-14 18:11:42.301 | INFO     | mlops_project_perla_rim.main:main:57 - Data loaded successfully.
2024-12-14 18:11:42.343 | INFO     | mlops_project_perla_rim.main:main:70 - Data transformed successfully.
2024-12-14 18:11:42.373 | ERROR    | mlops_project_perla_rim.main:main:88 - Model training/prediction failed: 'str' object has no attribute 'type'
2024-12-14 19:56:08.205 | INFO     | mlops_project_perla_rim.main:main:47 - Pipeline execution started.
2024-12-14 19:56:08.226 | INFO     | mlops_project_perla_rim.main:main:49 - Loaded configuration successfully.
2024-12-14 19:56:08.227 | INFO     | mlops_project_perla_rim.data_loader.csv_loader:load_data:19 - Loading data from CSV file at data/synthetic_health.csv
2024-12-14 19:56:08.260 | INFO     | mlops_project_perla_rim.data_loader.csv_loader:load_data:22 - Successfully loaded data from data/synthetic_health.csv
2024-12-14 19:56:08.261 | INFO     | mlops_project_perla_rim.main:main:57 - Data loaded successfully.
2024-12-14 19:56:08.280 | INFO     | mlops_project_perla_rim.main:main:70 - Data transformed successfully.
2024-12-14 19:56:08.294 | ERROR    | mlops_project_perla_rim.main:main:88 - Model training/prediction failed: 'str' object has no attribute 'type'
2024-12-14 20:41:44.158 | INFO     | mlops_project_perla_rim.main:main:47 - Pipeline execution started.
2024-12-14 20:41:44.167 | INFO     | mlops_project_perla_rim.main:main:49 - Loaded configuration successfully.
2024-12-14 20:41:44.168 | INFO     | mlops_project_perla_rim.data_loader.csv_loader:load_data:19 - Loading data from CSV file at data/synthetic_health.csv
2024-12-14 20:41:44.180 | INFO     | mlops_project_perla_rim.data_loader.csv_loader:load_data:22 - Successfully loaded data from data/synthetic_health.csv
2024-12-14 20:41:44.180 | INFO     | mlops_project_perla_rim.main:main:57 - Data loaded successfully.
2024-12-14 20:41:44.196 | INFO     | mlops_project_perla_rim.main:main:70 - Data transformed successfully.
2024-12-14 20:41:44.215 | ERROR    | mlops_project_perla_rim.main:main:88 - Model training/prediction failed: 'str' object has no attribute 'type'
2024-12-17 16:24:39.333 | INFO     | mlops_project_perla_rim.main:main:47 - Pipeline execution started.
2024-12-17 16:24:39.355 | INFO     | mlops_project_perla_rim.main:main:49 - Loaded configuration successfully.
2024-12-17 16:24:39.359 | INFO     | mlops_project_perla_rim.data_loader.csv_loader:load_data:19 - Loading data from CSV file at data/synthetic_health.csv
2024-12-17 16:24:39.399 | INFO     | mlops_project_perla_rim.data_loader.csv_loader:load_data:22 - Successfully loaded data from data/synthetic_health.csv
2024-12-17 16:24:39.400 | INFO     | mlops_project_perla_rim.main:main:57 - Data loaded successfully.
2024-12-17 16:24:39.438 | INFO     | mlops_project_perla_rim.main:main:70 - Data transformed successfully.
2024-12-17 16:24:39.468 | ERROR    | mlops_project_perla_rim.main:main:88 - Model training/prediction failed: 'str' object has no attribute 'type'
2024-12-17 16:37:55.844 | INFO     | mlops_project_perla_rim.main:main:47 - Pipeline execution started.
2024-12-17 16:37:55.933 | INFO     | mlops_project_perla_rim.main:main:49 - Loaded configuration successfully.
2024-12-17 16:37:55.935 | INFO     | mlops_project_perla_rim.data_loader.csv_loader:load_data:19 - Loading data from CSV file at data/synthetic_health.csv
2024-12-17 16:37:57.124 | INFO     | mlops_project_perla_rim.data_loader.csv_loader:load_data:22 - Successfully loaded data from data/synthetic_health.csv
2024-12-17 16:37:57.157 | INFO     | mlops_project_perla_rim.main:main:57 - Data loaded successfully.
2024-12-17 16:37:57.386 | INFO     | mlops_project_perla_rim.main:main:70 - Data transformed successfully.
2024-12-17 16:37:57.523 | ERROR    | mlops_project_perla_rim.main:main:88 - Model training/prediction failed: 'str' object has no attribute 'type'
2024-12-17 18:45:55.368 | INFO     | mlops_project_perla_rim.main:main:47 - Pipeline execution started.
2024-12-17 18:47:14.423 | INFO     | mlops_project_perla_rim.main:main:47 - Pipeline execution started.
2024-12-17 18:47:14.452 | INFO     | mlops_project_perla_rim.main:main:49 - Loaded configuration successfully.
2024-12-17 18:47:14.640 | INFO     | mlops_project_perla_rim.data_loader.csv_loader:load_data:19 - Loading data from CSV file at data/synthetic_health.csv
2024-12-17 18:47:14.733 | INFO     | mlops_project_perla_rim.data_loader.csv_loader:load_data:22 - Successfully loaded data from data/synthetic_health.csv
2024-12-17 18:47:14.749 | INFO     | mlops_project_perla_rim.main:main:57 - Data loaded successfully.
2024-12-17 18:47:15.001 | INFO     | mlops_project_perla_rim.main:main:70 - Data transformed successfully.
2024-12-17 18:47:15.091 | ERROR    | mlops_project_perla_rim.main:main:88 - Model training/prediction failed: 'str' object has no attribute 'type'
2024-12-17 18:56:22.033 | INFO     | mlops_project_perla_rim.main:main:47 - Pipeline execution started.
2024-12-17 18:56:22.045 | INFO     | mlops_project_perla_rim.main:main:49 - Loaded configuration successfully.
2024-12-17 18:56:22.047 | INFO     | mlops_project_perla_rim.data_loader.csv_loader:load_data:19 - Loading data from CSV file at data/synthetic_health.csv
2024-12-17 18:56:22.071 | INFO     | mlops_project_perla_rim.data_loader.csv_loader:load_data:22 - Successfully loaded data from data/synthetic_health.csv
2024-12-17 18:56:22.073 | INFO     | mlops_project_perla_rim.main:main:57 - Data loaded successfully.
2024-12-17 18:56:22.148 | INFO     | mlops_project_perla_rim.main:main:70 - Data transformed successfully.
2024-12-17 18:56:22.206 | DEBUG    | mlops_project_perla_rim.main:main:82 - Model Config: type='linear' params={}, type: <class 'mlops_project_perla_rim.config.ModelConfig'>
2024-12-17 18:56:22.209 | ERROR    | mlops_project_perla_rim.main:main:91 - Model training/prediction failed: 'str' object has no attribute 'type'
2024-12-17 18:57:33.590 | INFO     | mlops_project_perla_rim.main:main:47 - Pipeline execution started.
2024-12-17 18:57:33.602 | INFO     | mlops_project_perla_rim.main:main:49 - Loaded configuration successfully.
2024-12-17 18:57:33.609 | INFO     | mlops_project_perla_rim.data_loader.csv_loader:load_data:19 - Loading data from CSV file at data/synthetic_health.csv
2024-12-17 18:57:33.637 | INFO     | mlops_project_perla_rim.data_loader.csv_loader:load_data:22 - Successfully loaded data from data/synthetic_health.csv
2024-12-17 18:57:33.639 | INFO     | mlops_project_perla_rim.main:main:57 - Data loaded successfully.
2024-12-17 18:57:33.697 | INFO     | mlops_project_perla_rim.main:main:70 - Data transformed successfully.
2024-12-17 18:57:33.743 | DEBUG    | mlops_project_perla_rim.main:main:82 - Model Config: type='linear' params={}, type: <class 'mlops_project_perla_rim.config.ModelConfig'>
2024-12-17 18:57:33.748 | ERROR    | mlops_project_perla_rim.main:main:91 - Model training/prediction failed: 'str' object has no attribute 'type'
2024-12-17 19:02:35.875 | INFO     | mlops_project_perla_rim.main:main:47 - Pipeline execution started.
2024-12-17 19:02:35.902 | INFO     | mlops_project_perla_rim.main:main:49 - Loaded configuration successfully.
2024-12-17 19:02:35.956 | INFO     | mlops_project_perla_rim.data_loader.csv_loader:load_data:19 - Loading data from CSV file at data/synthetic_health.csv
2024-12-17 19:02:36.009 | INFO     | mlops_project_perla_rim.data_loader.csv_loader:load_data:22 - Successfully loaded data from data/synthetic_health.csv
2024-12-17 19:02:36.022 | INFO     | mlops_project_perla_rim.main:main:57 - Data loaded successfully.
2024-12-17 19:02:36.207 | INFO     | mlops_project_perla_rim.main:main:70 - Data transformed successfully.
2024-12-17 19:02:36.321 | DEBUG    | mlops_project_perla_rim.main:main:82 - Model Config: type='linear' params={}, type: <class 'mlops_project_perla_rim.config.ModelConfig'>
2024-12-17 19:02:36.372 | ERROR    | mlops_project_perla_rim.main:main:91 - Model training/prediction failed: 'str' object has no attribute 'type'
2024-12-17 19:08:48.430 | INFO     | mlops_project_perla_rim.main:main:47 - Pipeline execution started.
2024-12-17 19:08:48.442 | INFO     | mlops_project_perla_rim.main:main:49 - Loaded configuration successfully.
2024-12-17 19:08:48.454 | INFO     | mlops_project_perla_rim.data_loader.csv_loader:load_data:19 - Loading data from CSV file at data/synthetic_health.csv
2024-12-17 19:08:48.506 | INFO     | mlops_project_perla_rim.data_loader.csv_loader:load_data:22 - Successfully loaded data from data/synthetic_health.csv
2024-12-17 19:08:48.515 | INFO     | mlops_project_perla_rim.main:main:57 - Data loaded successfully.
2024-12-17 19:08:48.579 | INFO     | mlops_project_perla_rim.main:main:70 - Data transformed successfully.
2024-12-17 19:08:48.623 | DEBUG    | mlops_project_perla_rim.main:main:82 - Model Config: type='linear' params={}, type: <class 'mlops_project_perla_rim.config.ModelConfig'>
2024-12-17 19:08:48.644 | ERROR    | mlops_project_perla_rim.main:main:91 - Model training/prediction failed: 'str' object has no attribute 'type'
2024-12-17 19:09:47.871 | INFO     | mlops_project_perla_rim.main:main:47 - Pipeline execution started.
2024-12-17 19:09:47.893 | INFO     | mlops_project_perla_rim.main:main:49 - Loaded configuration successfully.
2024-12-17 19:09:47.896 | INFO     | mlops_project_perla_rim.data_loader.csv_loader:load_data:19 - Loading data from CSV file at data/synthetic_health.csv
2024-12-17 19:09:47.915 | INFO     | mlops_project_perla_rim.data_loader.csv_loader:load_data:22 - Successfully loaded data from data/synthetic_health.csv
2024-12-17 19:09:47.916 | INFO     | mlops_project_perla_rim.main:main:57 - Data loaded successfully.
2024-12-17 19:09:47.969 | INFO     | mlops_project_perla_rim.main:main:70 - Data transformed successfully.
2024-12-17 19:09:48.037 | DEBUG    | mlops_project_perla_rim.main:main:82 - Model Config: type='linear' params={}, type: <class 'mlops_project_perla_rim.config.ModelConfig'>
2024-12-17 19:09:48.039 | ERROR    | mlops_project_perla_rim.main:main:91 - Model training/prediction failed: 'str' object has no attribute 'type'
2024-12-17 19:11:41.613 | INFO     | mlops_project_perla_rim.main:main:47 - Pipeline execution started.
2024-12-17 19:11:41.625 | INFO     | mlops_project_perla_rim.main:main:49 - Loaded configuration successfully.
2024-12-17 19:11:41.629 | INFO     | mlops_project_perla_rim.data_loader.csv_loader:load_data:19 - Loading data from CSV file at data/synthetic_health.csv
2024-12-17 19:11:41.659 | INFO     | mlops_project_perla_rim.data_loader.csv_loader:load_data:22 - Successfully loaded data from data/synthetic_health.csv
2024-12-17 19:11:41.662 | INFO     | mlops_project_perla_rim.main:main:57 - Data loaded successfully.
2024-12-17 19:11:41.721 | INFO     | mlops_project_perla_rim.main:main:70 - Data transformed successfully.
2024-12-17 19:11:41.775 | DEBUG    | mlops_project_perla_rim.main:main:82 - Model Config: type='linear' params={}, type: <class 'mlops_project_perla_rim.config.ModelConfig'>
2024-12-17 19:11:41.778 | ERROR    | mlops_project_perla_rim.main:main:91 - Model training/prediction failed: 'str' object has no attribute 'type'
2024-12-17 19:12:03.294 | INFO     | mlops_project_perla_rim.main:main:47 - Pipeline execution started.
2024-12-17 19:12:03.301 | INFO     | mlops_project_perla_rim.main:main:49 - Loaded configuration successfully.
2024-12-17 19:12:03.307 | INFO     | mlops_project_perla_rim.data_loader.csv_loader:load_data:19 - Loading data from CSV file at data/synthetic_health.csv
2024-12-17 19:12:03.318 | INFO     | mlops_project_perla_rim.data_loader.csv_loader:load_data:22 - Successfully loaded data from data/synthetic_health.csv
2024-12-17 19:12:03.322 | INFO     | mlops_project_perla_rim.main:main:57 - Data loaded successfully.
2024-12-17 19:12:03.369 | INFO     | mlops_project_perla_rim.main:main:70 - Data transformed successfully.
2024-12-17 19:12:03.423 | DEBUG    | mlops_project_perla_rim.main:main:82 - Model Config: type='linear' params={}, type: <class 'mlops_project_perla_rim.config.ModelConfig'>
2024-12-17 19:12:03.427 | ERROR    | mlops_project_perla_rim.main:main:91 - Model training/prediction failed: 'str' object has no attribute 'type'
2024-12-17 19:13:42.928 | INFO     | mlops_project_perla_rim.main:main:47 - Pipeline execution started.
2024-12-17 19:13:42.949 | INFO     | mlops_project_perla_rim.main:main:49 - Loaded configuration successfully.
2024-12-17 19:13:42.957 | INFO     | mlops_project_perla_rim.data_loader.csv_loader:load_data:19 - Loading data from CSV file at data/synthetic_health.csv
2024-12-17 19:13:42.985 | INFO     | mlops_project_perla_rim.data_loader.csv_loader:load_data:22 - Successfully loaded data from data/synthetic_health.csv
2024-12-17 19:13:42.988 | INFO     | mlops_project_perla_rim.main:main:57 - Data loaded successfully.
2024-12-17 19:13:43.047 | INFO     | mlops_project_perla_rim.main:main:70 - Data transformed successfully.
2024-12-17 19:13:43.093 | DEBUG    | mlops_project_perla_rim.main:main:82 - Model Config: type='linear' params={}, type: <class 'mlops_project_perla_rim.config.ModelConfig'>
2024-12-17 19:13:43.095 | ERROR    | mlops_project_perla_rim.main:main:91 - Model training/prediction failed: 'str' object has no attribute 'type'
2024-12-17 19:17:07.449 | INFO     | mlops_project_perla_rim.main:main:47 - Pipeline execution started.
2024-12-17 19:17:07.459 | INFO     | mlops_project_perla_rim.main:main:49 - Loaded configuration successfully.
2024-12-17 19:17:07.465 | INFO     | mlops_project_perla_rim.data_loader.csv_loader:load_data:19 - Loading data from CSV file at data/synthetic_health.csv
2024-12-17 19:17:07.503 | INFO     | mlops_project_perla_rim.data_loader.csv_loader:load_data:22 - Successfully loaded data from data/synthetic_health.csv
2024-12-17 19:17:07.504 | INFO     | mlops_project_perla_rim.main:main:57 - Data loaded successfully.
2024-12-17 19:17:07.592 | INFO     | mlops_project_perla_rim.main:main:70 - Data transformed successfully.
2024-12-17 19:17:07.761 | DEBUG    | mlops_project_perla_rim.main:main:82 - Model Config: type='linear' params={}, type: <class 'mlops_project_perla_rim.config.ModelConfig'>
2024-12-17 19:17:07.772 | ERROR    | mlops_project_perla_rim.main:main:91 - Model training/prediction failed: 'str' object has no attribute 'type'
